<?xml version="1.0" encoding="UTF-8"?>
<testng-results ignored="0" total="5" passed="5" failed="0" skipped="0">
  <reporter-output>
  </reporter-output>
  <suite started-at="2022-10-09T07:00:17 WIB" name="All Test Suite" finished-at="2022-10-09T07:00:17 WIB" duration-ms="142">
    <groups>
    </groups>
    <test started-at="2022-10-09T07:00:17 WIB" name="C:/Users/Moh_Eko11/IdeaProjects/MohammadEkoNurFauzi/src/test/java/com/juaracoding/tesng/ujiandua/TestAccount.java" finished-at="2022-10-09T07:00:17 WIB" duration-ms="142">
      <class name="com.juaracoding.tesng.ujiandua.TestAccount">
        <test-method is-config="true" signature="setUp()[pri:0, instance:com.juaracoding.tesng.ujiandua.TestAccount@49c43f4e]" started-at="2022-10-09T07:00:17 WIB" name="setUp" finished-at="2022-10-09T07:00:17 WIB" duration-ms="15" status="PASS">
          <reporter-output>
          </reporter-output>
        </test-method> <!-- setUp -->
        <test-method signature="testInsert(int,java.lang.String,double)[pri:0, instance:com.juaracoding.tesng.ujiandua.TestAccount@49c43f4e]" started-at="2022-10-09T07:00:17 WIB" name="testInsert" finished-at="2022-10-09T07:00:17 WIB" duration-ms="6" status="PASS">
          <params>
            <param index="0">
              <value>
                <![CDATA[100900]]>
              </value>
            </param>
            <param index="1">
              <value>
                <![CDATA[Mohammad Eko]]>
              </value>
            </param>
            <param index="2">
              <value>
                <![CDATA[1000.0]]>
              </value>
            </param>
          </params>
          <reporter-output>
          </reporter-output>
        </test-method> <!-- testInsert -->
        <test-method is-config="true" signature="setUp()[pri:0, instance:com.juaracoding.tesng.ujiandua.TestAccount@49c43f4e]" started-at="2022-10-09T07:00:17 WIB" name="setUp" finished-at="2022-10-09T07:00:17 WIB" duration-ms="1" status="PASS">
          <reporter-output>
          </reporter-output>
        </test-method> <!-- setUp -->
        <test-method signature="testDeposit(double,double)[pri:0, instance:com.juaracoding.tesng.ujiandua.TestAccount@49c43f4e]" started-at="2022-10-09T07:00:17 WIB" name="testDeposit" finished-at="2022-10-09T07:00:17 WIB" duration-ms="7" status="PASS">
          <params>
            <param index="0">
              <value>
                <![CDATA[1000.0]]>
              </value>
            </param>
            <param index="1">
              <value>
                <![CDATA[1000.0]]>
              </value>
            </param>
          </params>
          <reporter-output>
          </reporter-output>
        </test-method> <!-- testDeposit -->
        <test-method is-config="true" signature="setUp()[pri:0, instance:com.juaracoding.tesng.ujiandua.TestAccount@49c43f4e]" started-at="2022-10-09T07:00:17 WIB" name="setUp" finished-at="2022-10-09T07:00:17 WIB" duration-ms="1" status="PASS">
          <reporter-output>
          </reporter-output>
        </test-method> <!-- setUp -->
        <test-method signature="testWithdraw(double,double)[pri:0, instance:com.juaracoding.tesng.ujiandua.TestAccount@49c43f4e]" started-at="2022-10-09T07:00:17 WIB" name="testWithdraw" finished-at="2022-10-09T07:00:17 WIB" duration-ms="1" status="PASS">
          <params>
            <param index="0">
              <value>
                <![CDATA[1000.0]]>
              </value>
            </param>
            <param index="1">
              <value>
                <![CDATA[1000.0]]>
              </value>
            </param>
          </params>
          <reporter-output>
          </reporter-output>
        </test-method> <!-- testWithdraw -->
        <test-method is-config="true" signature="setUp()[pri:0, instance:com.juaracoding.tesng.ujiandua.TestAccount@49c43f4e]" started-at="2022-10-09T07:00:17 WIB" name="setUp" finished-at="2022-10-09T07:00:17 WIB" duration-ms="1" status="PASS">
          <reporter-output>
          </reporter-output>
        </test-method> <!-- setUp -->
        <test-method signature="testCheckBalance(double,double)[pri:0, instance:com.juaracoding.tesng.ujiandua.TestAccount@49c43f4e]" started-at="2022-10-09T07:00:17 WIB" name="testCheckBalance" finished-at="2022-10-09T07:00:17 WIB" duration-ms="3" status="PASS">
          <params>
            <param index="0">
              <value>
                <![CDATA[1000.0]]>
              </value>
            </param>
            <param index="1">
              <value>
                <![CDATA[1000.0]]>
              </value>
            </param>
          </params>
          <reporter-output>
          </reporter-output>
        </test-method> <!-- testCheckBalance -->
        <test-method is-config="true" signature="setUp()[pri:0, instance:com.juaracoding.tesng.ujiandua.TestAccount@49c43f4e]" started-at="2022-10-09T07:00:17 WIB" name="setUp" finished-at="2022-10-09T07:00:17 WIB" duration-ms="1" status="PASS">
          <reporter-output>
          </reporter-output>
        </test-method> <!-- setUp -->
        <test-method signature="testDisplay(int,java.lang.String,double,double)[pri:0, instance:com.juaracoding.tesng.ujiandua.TestAccount@49c43f4e]" started-at="2022-10-09T07:00:17 WIB" name="testDisplay" finished-at="2022-10-09T07:00:17 WIB" duration-ms="14" status="PASS">
          <params>
            <param index="0">
              <value>
                <![CDATA[100900]]>
              </value>
            </param>
            <param index="1">
              <value>
                <![CDATA[Mohammad Eko]]>
              </value>
            </param>
            <param index="2">
              <value>
                <![CDATA[1000.0]]>
              </value>
            </param>
            <param index="3">
              <value>
                <![CDATA[1000.0]]>
              </value>
            </param>
          </params>
          <reporter-output>
          </reporter-output>
        </test-method> <!-- testDisplay -->
      </class> <!-- com.juaracoding.tesng.ujiandua.TestAccount -->
    </test> <!-- C:/Users/Moh_Eko11/IdeaProjects/MohammadEkoNurFauzi/src/test/java/com/juaracoding/tesng/ujiandua/TestAccount.java -->
  </suite> <!-- All Test Suite -->
</testng-results>
